[0m16:21:00.178584 [debug] [MainThread]: Sending event: {'category': 'dbt', 'action': 'invocation', 'label': 'start', 'context': [<snowplow_tracker.self_describing_json.SelfDescribingJson object at 0x1047ad390>, <snowplow_tracker.self_describing_json.SelfDescribingJson object at 0x1042c8850>, <snowplow_tracker.self_describing_json.SelfDescribingJson object at 0x1047faf50>]}


============================== 16:21:00.190417 | deeb30fd-1b09-4ea1-a086-788d2211dfa3 ==============================
[0m16:21:00.190417 [info ] [MainThread]: Running with dbt=1.7.17
[0m16:21:00.191308 [debug] [MainThread]: running dbt with arguments {'printer_width': '80', 'indirect_selection': 'eager', 'write_json': 'True', 'log_cache_events': 'False', 'partial_parse': 'True', 'cache_selected_only': 'False', 'profiles_dir': '/Users/rp_mbp/.dbt', 'fail_fast': 'False', 'debug': 'False', 'log_path': 'logs', 'version_check': 'True', 'warn_error': 'None', 'use_colors': 'True', 'use_experimental_parser': 'False', 'no_print': 'None', 'quiet': 'False', 'warn_error_options': 'WarnErrorOptions(include=[], exclude=[])', 'introspect': 'True', 'log_format': 'default', 'static_parser': 'True', 'target_path': 'None', 'invocation_command': 'dbt debug', 'send_anonymous_usage_stats': 'True'}
[0m16:21:00.192373 [info ] [MainThread]: dbt version: 1.7.17
[0m16:21:00.192966 [info ] [MainThread]: python version: 3.11.9
[0m16:21:00.193532 [info ] [MainThread]: python path: /usr/local/opt/python@3.11/bin/python3.11
[0m16:21:00.194094 [info ] [MainThread]: os info: macOS-13.1-x86_64-i386-64bit
[0m16:21:00.194702 [info ] [MainThread]: Using profiles dir at /Users/rp_mbp/.dbt
[0m16:21:00.195263 [info ] [MainThread]: Using profiles.yml file at /Users/rp_mbp/.dbt/profiles.yml
[0m16:21:00.195777 [info ] [MainThread]: Using dbt_project.yml file at /Users/rp_mbp/Documents/ReposRob_RobPer/Courses/udemy_dbt_toth/dbt_project.yml
[0m16:21:00.196312 [info ] [MainThread]: Configuration:
[0m16:21:00.196810 [info ] [MainThread]:   profiles.yml file [[31mERROR not found[0m]
[0m16:21:00.197308 [info ] [MainThread]:   dbt_project.yml file [[31mERROR not found[0m]
[0m16:21:00.197807 [info ] [MainThread]: Required dependencies:
[0m16:21:00.198418 [debug] [MainThread]: Executing "git --help"
[0m16:21:00.210976 [debug] [MainThread]: STDOUT: "b"usage: git [--version] [--help] [-C <path>] [-c <name>=<value>]\n           [--exec-path[=<path>]] [--html-path] [--man-path] [--info-path]\n           [-p | --paginate | -P | --no-pager] [--no-replace-objects] [--bare]\n           [--git-dir=<path>] [--work-tree=<path>] [--namespace=<name>]\n           <command> [<args>]\n\nThese are common Git commands used in various situations:\n\nstart a working area (see also: git help tutorial)\n   clone             Clone a repository into a new directory\n   init              Create an empty Git repository or reinitialize an existing one\n\nwork on the current change (see also: git help everyday)\n   add               Add file contents to the index\n   mv                Move or rename a file, a directory, or a symlink\n   restore           Restore working tree files\n   rm                Remove files from the working tree and from the index\n   sparse-checkout   Initialize and modify the sparse-checkout\n\nexamine the history and state (see also: git help revisions)\n   bisect            Use binary search to find the commit that introduced a bug\n   diff              Show changes between commits, commit and working tree, etc\n   grep              Print lines matching a pattern\n   log               Show commit logs\n   show              Show various types of objects\n   status            Show the working tree status\n\ngrow, mark and tweak your common history\n   branch            List, create, or delete branches\n   commit            Record changes to the repository\n   merge             Join two or more development histories together\n   rebase            Reapply commits on top of another base tip\n   reset             Reset current HEAD to the specified state\n   switch            Switch branches\n   tag               Create, list, delete or verify a tag object signed with GPG\n\ncollaborate (see also: git help workflows)\n   fetch             Download objects and refs from another repository\n   pull              Fetch from and integrate with another repository or a local branch\n   push              Update remote refs along with associated objects\n\n'git help -a' and 'git help -g' list available subcommands and some\nconcept guides. See 'git help <command>' or 'git help <concept>'\nto read about a specific subcommand or concept.\nSee 'git help git' for an overview of the system.\n""
[0m16:21:00.212249 [debug] [MainThread]: STDERR: "b''"
[0m16:21:00.213075 [info ] [MainThread]:  - git [[32mOK found[0m]

[0m16:21:00.213761 [info ] [MainThread]: Connection test skipped since no profile was found
[0m16:21:00.214405 [info ] [MainThread]: [31m2 checks failed:[0m
[0m16:21:00.214937 [info ] [MainThread]: dbt looked for a profiles.yml file in /Users/rp_mbp/.dbt/profiles.yml, but did
not find one. For more information on configuring your profile, consult the
documentation:

https://docs.getdbt.com/docs/configure-your-profile


[0m16:21:00.215927 [info ] [MainThread]: Project loading failed for the following reason:
 project path </Users/rp_mbp/Documents/ReposRob_RobPer/Courses/udemy_dbt_toth/dbt_project.yml> not found

[0m16:21:00.372181 [debug] [MainThread]: Resource report: {"command_name": "debug", "command_wall_clock_time": 0.27763158, "process_user_time": 2.517493, "process_kernel_time": 0.236462, "process_mem_max_rss": "100364288", "command_success": false, "process_in_blocks": "0", "process_out_blocks": "0"}
[0m16:21:00.373246 [debug] [MainThread]: Command `dbt debug` failed at 16:21:00.373011 after 0.28 seconds
[0m16:21:00.373995 [debug] [MainThread]: Sending event: {'category': 'dbt', 'action': 'invocation', 'label': 'end', 'context': [<snowplow_tracker.self_describing_json.SelfDescribingJson object at 0x1047fa090>, <snowplow_tracker.self_describing_json.SelfDescribingJson object at 0x1047fac50>, <snowplow_tracker.self_describing_json.SelfDescribingJson object at 0x1004c8210>]}
[0m16:21:00.374731 [debug] [MainThread]: Flushing usage events
[0m16:24:40.994052 [debug] [MainThread]: Sending event: {'category': 'dbt', 'action': 'invocation', 'label': 'start', 'context': [<snowplow_tracker.self_describing_json.SelfDescribingJson object at 0x1110ae350>, <snowplow_tracker.self_describing_json.SelfDescribingJson object at 0x1110cf1d0>, <snowplow_tracker.self_describing_json.SelfDescribingJson object at 0x11111edd0>]}


============================== 16:24:41.001542 | 7b3753b4-c3d7-4dc0-a256-cb3386ae2e9e ==============================
[0m16:24:41.001542 [info ] [MainThread]: Running with dbt=1.7.17
[0m16:24:41.002637 [debug] [MainThread]: running dbt with arguments {'printer_width': '80', 'indirect_selection': 'eager', 'log_cache_events': 'False', 'write_json': 'True', 'partial_parse': 'True', 'cache_selected_only': 'False', 'warn_error': 'None', 'debug': 'False', 'fail_fast': 'False', 'log_path': 'logs', 'version_check': 'True', 'profiles_dir': '/Users/rp_mbp/.dbt', 'use_colors': 'True', 'use_experimental_parser': 'False', 'no_print': 'None', 'quiet': 'False', 'log_format': 'default', 'static_parser': 'True', 'introspect': 'True', 'invocation_command': 'dbt init dbtlearn', 'target_path': 'None', 'warn_error_options': 'WarnErrorOptions(include=[], exclude=[])', 'send_anonymous_usage_stats': 'True'}
[0m16:24:41.004201 [debug] [MainThread]: Starter project path: /usr/local/lib/python3.11/site-packages/dbt/include/starter_project
[0m16:24:41.014608 [info ] [MainThread]: 
Your new dbt project "dbtlearn" was created!

For more information on how to configure the profiles.yml file,
please consult the dbt documentation here:

  https://docs.getdbt.com/docs/configure-your-profile

One more thing:

Need help? Don't hesitate to reach out to us via GitHub issues or on Slack:

  https://community.getdbt.com/

Happy modeling!

[0m16:24:41.015288 [info ] [MainThread]: Setting up your profile.
[0m17:18:49.177140 [info ] [MainThread]: Profile dbtlearn written to /Users/rp_mbp/.dbt/profiles.yml using target's profile_template.yml and your supplied values. Run 'dbt debug' to validate the connection.
[0m17:18:49.200145 [debug] [MainThread]: Resource report: {"command_name": "init", "command_success": true, "command_wall_clock_time": 1160.4666, "process_user_time": 3.662514, "process_kernel_time": 0.463942, "process_mem_max_rss": "120856576", "process_in_blocks": "0", "process_out_blocks": "0"}
[0m17:18:49.208438 [debug] [MainThread]: Command `dbt init` succeeded at 17:18:49.205782 after 1160.47 seconds
[0m17:18:49.213472 [debug] [MainThread]: Sending event: {'category': 'dbt', 'action': 'invocation', 'label': 'end', 'context': [<snowplow_tracker.self_describing_json.SelfDescribingJson object at 0x111147010>, <snowplow_tracker.self_describing_json.SelfDescribingJson object at 0x11110d690>, <snowplow_tracker.self_describing_json.SelfDescribingJson object at 0x10cd5c2d0>]}
[0m17:18:49.216539 [debug] [MainThread]: Flushing usage events
[0m19:41:29.680716 [debug] [MainThread]: Sending event: {'category': 'dbt', 'action': 'invocation', 'label': 'start', 'context': [<snowplow_tracker.self_describing_json.SelfDescribingJson object at 0x10ed82750>, <snowplow_tracker.self_describing_json.SelfDescribingJson object at 0x11093b450>, <snowplow_tracker.self_describing_json.SelfDescribingJson object at 0x11093bfd0>]}


============================== 19:41:29.688489 | d759aed5-1f4c-4ef0-9bce-d9649c209812 ==============================
[0m19:41:29.688489 [info ] [MainThread]: Running with dbt=1.7.17
[0m19:41:29.689409 [debug] [MainThread]: running dbt with arguments {'printer_width': '80', 'indirect_selection': 'eager', 'write_json': 'True', 'log_cache_events': 'False', 'partial_parse': 'True', 'cache_selected_only': 'False', 'profiles_dir': '/Users/rp_mbp/.dbt', 'fail_fast': 'False', 'debug': 'False', 'log_path': 'logs', 'version_check': 'True', 'warn_error': 'None', 'use_colors': 'True', 'use_experimental_parser': 'False', 'no_print': 'None', 'quiet': 'False', 'warn_error_options': 'WarnErrorOptions(include=[], exclude=[])', 'introspect': 'True', 'static_parser': 'True', 'log_format': 'default', 'target_path': 'None', 'invocation_command': 'dbt run', 'send_anonymous_usage_stats': 'True'}
[0m19:41:29.690305 [error] [MainThread]: Encountered an error:
Runtime Error
  No dbt_project.yml found at expected path /Users/rp_mbp/Documents/ReposRob_RobPer/Courses/udemy_dbt_toth/dbt_project.yml
  Verify that each entry within packages.yml (and their transitive dependencies) contains a file named dbt_project.yml
  
[0m19:41:29.728797 [debug] [MainThread]: Resource report: {"command_name": "run", "command_wall_clock_time": 0.14160152, "process_user_time": 2.567831, "process_kernel_time": 0.43666, "process_mem_max_rss": "99708928", "command_success": false, "process_in_blocks": "0", "process_out_blocks": "0"}
[0m19:41:29.729868 [debug] [MainThread]: Command `dbt run` failed at 19:41:29.729624 after 0.14 seconds
[0m19:41:29.730550 [debug] [MainThread]: Sending event: {'category': 'dbt', 'action': 'invocation', 'label': 'end', 'context': [<snowplow_tracker.self_describing_json.SelfDescribingJson object at 0x10c59ff90>, <snowplow_tracker.self_describing_json.SelfDescribingJson object at 0x11095ff10>, <snowplow_tracker.self_describing_json.SelfDescribingJson object at 0x10c693610>]}
[0m19:41:29.731191 [debug] [MainThread]: Flushing usage events
[0m13:06:56.708981 [debug] [MainThread]: Sending event: {'category': 'dbt', 'action': 'invocation', 'label': 'start', 'context': [<snowplow_tracker.self_describing_json.SelfDescribingJson object at 0x10b97e1d0>, <snowplow_tracker.self_describing_json.SelfDescribingJson object at 0x10b9b7590>, <snowplow_tracker.self_describing_json.SelfDescribingJson object at 0x10b9b7c10>]}


============================== 13:06:56.717013 | ecc80779-94a8-4a0d-aa15-81cd789a2ef5 ==============================
[0m13:06:56.717013 [info ] [MainThread]: Running with dbt=1.7.17
[0m13:06:56.717993 [debug] [MainThread]: running dbt with arguments {'printer_width': '80', 'indirect_selection': 'eager', 'write_json': 'True', 'log_cache_events': 'False', 'partial_parse': 'True', 'cache_selected_only': 'False', 'warn_error': 'None', 'debug': 'False', 'profiles_dir': '/Users/rp_mbp/.dbt', 'log_path': 'logs', 'fail_fast': 'False', 'version_check': 'True', 'use_colors': 'True', 'use_experimental_parser': 'False', 'no_print': 'None', 'quiet': 'False', 'log_format': 'default', 'invocation_command': 'dbt run', 'introspect': 'True', 'static_parser': 'True', 'target_path': 'None', 'warn_error_options': 'WarnErrorOptions(include=[], exclude=[])', 'send_anonymous_usage_stats': 'True'}
[0m13:06:56.718929 [error] [MainThread]: Encountered an error:
Runtime Error
  No dbt_project.yml found at expected path /Users/rp_mbp/Documents/ReposRob_RobPer/Courses/udemy_dbt_toth/dbt_project.yml
  Verify that each entry within packages.yml (and their transitive dependencies) contains a file named dbt_project.yml
  
[0m13:06:56.721223 [debug] [MainThread]: Resource report: {"command_name": "run", "command_wall_clock_time": 0.09831163, "process_user_time": 2.556541, "process_kernel_time": 0.346644, "process_mem_max_rss": "98836480", "command_success": false, "process_in_blocks": "0", "process_out_blocks": "0"}
[0m13:06:56.722325 [debug] [MainThread]: Command `dbt run` failed at 13:06:56.722078 after 0.10 seconds
[0m13:06:56.723017 [debug] [MainThread]: Sending event: {'category': 'dbt', 'action': 'invocation', 'label': 'end', 'context': [<snowplow_tracker.self_describing_json.SelfDescribingJson object at 0x10b9b7190>, <snowplow_tracker.self_describing_json.SelfDescribingJson object at 0x10b9b7550>, <snowplow_tracker.self_describing_json.SelfDescribingJson object at 0x107600490>]}
[0m13:06:56.723703 [debug] [MainThread]: Flushing usage events
